New log file opened at Tue Aug 04 17:14:36 EEST 2015 by 4858@Kais-Mac-mini.Elisa
Sending msg to client activator-c679595f-f181-4cdb-9886-acd02aee7906: DetachedLogEvent(LogMessage(debug,sbt server socket logs are in: /Users/Kaitsu/Scala projects/Kissoja/.sbtserver/connections/master.log))
Sending msg to client activator-c679595f-f181-4cdb-9886-acd02aee7906: DetachedLogEvent(LogMessage(debug,sbt client logs are in: /Users/Kaitsu/Scala projects/Kissoja/.sbtserver/connections/activator-c679595f-f181-4cdb-9886-acd02aee7906.log))
Reading next message from client.
Sending msg to client activator-c679595f-f181-4cdb-9886-acd02aee7906: DetachedLogEvent(LogMessage(debug,sbt general server logs are in: /Users/Kaitsu/Scala projects/Kissoja/.sbtserver/master.log))
Got request: ListenToEvents()
Reading next message from client.
Sending msg to client activator-c679595f-f181-4cdb-9886-acd02aee7906: DetachedLogEvent(LogMessage(debug,> --initialize))
Sending msg to client activator-c679595f-f181-4cdb-9886-acd02aee7906: DetachedLogEvent(LogMessage(debug,> initialize))
Sending msg to client activator-c679595f-f181-4cdb-9886-acd02aee7906: DetachedLogEvent(LogMessage(debug,> onFailure load-failed))
Sending msg to client activator-c679595f-f181-4cdb-9886-acd02aee7906: DetachedLogEvent(LogMessage(debug,> boot))
Sending msg to client activator-c679595f-f181-4cdb-9886-acd02aee7906: DetachedLogEvent(LogMessage(debug,> reload))
Sending msg to client activator-c679595f-f181-4cdb-9886-acd02aee7906: DetachedLogEvent(LogMessage(debug,[Loading] Scanning directory /Users/Kaitsu/Scala projects/Kissoja/project))
Sending msg to client activator-c679595f-f181-4cdb-9886-acd02aee7906: (3,ReceivedResponse())
Sending msg to client activator-c679595f-f181-4cdb-9886-acd02aee7906: DetachedLogEvent(LogMessage(debug,[Loading] Found non-root projects ))
Sending msg to client activator-c679595f-f181-4cdb-9886-acd02aee7906: DetachedLogEvent(LogMessage(debug,[Loading] Done in /Users/Kaitsu/Scala projects/Kissoja/project, returning: ()))
Sending msg to client activator-c679595f-f181-4cdb-9886-acd02aee7906: DetachedLogEvent(LogMessage(debug,deducing auto plugins based on known facts Set(Atom(sbt.plugins.CorePlugin)) and clauses Clauses(List(Clause(Atom(sbt.plugins.JvmPlugin),Set(Atom(sbt.plugins.IvyPlugin))), Clause(Atom(sbt.plugins.JUnitXmlReportPlugin),Set(Atom(sbt.plugins.JvmPlugin))), Clause(Atom(sbt.plugins.CorePlugin),Set(Atom(sbt.plugins.IvyPlugin))), Clause(Atom(sbt.plugins.IvyPlugin),Set(Atom(sbt.plugins.JvmPlugin))), Clause(Atom(sbt.plugins.JvmPlugin),Set(Atom(sbt.plugins.JUnitXmlReportPlugin)))))))
Sending msg to client activator-c679595f-f181-4cdb-9886-acd02aee7906: DetachedLogEvent(LogMessage(debug,  :: deduced result: Matched(sbt.plugins.CorePlugin,sbt.plugins.IvyPlugin,sbt.plugins.JvmPlugin,sbt.plugins.JUnitXmlReportPlugin)))
Sending msg to client activator-c679595f-f181-4cdb-9886-acd02aee7906: DetachedLogEvent(LogMessage(debug,sorting: ns: List(sbt.plugins.CorePlugin, sbt.plugins.IvyPlugin, sbt.plugins.JvmPlugin, sbt.plugins.JUnitXmlReportPlugin)))
Sending msg to client activator-c679595f-f181-4cdb-9886-acd02aee7906: DetachedLogEvent(LogMessage(debug,  :: sorting:: found: List(sbt.plugins.CorePlugin) not found List(sbt.plugins.IvyPlugin, sbt.plugins.JvmPlugin, sbt.plugins.JUnitXmlReportPlugin)))
Sending msg to client activator-c679595f-f181-4cdb-9886-acd02aee7906: DetachedLogEvent(LogMessage(debug,  :: sorting:: found: List(sbt.plugins.CorePlugin, sbt.plugins.IvyPlugin) not found List(sbt.plugins.JvmPlugin, sbt.plugins.JUnitXmlReportPlugin)))
Sending msg to client activator-c679595f-f181-4cdb-9886-acd02aee7906: DetachedLogEvent(LogMessage(debug,  :: sorting:: found: List(sbt.plugins.CorePlugin, sbt.plugins.IvyPlugin, sbt.plugins.JvmPlugin) not found List(sbt.plugins.JUnitXmlReportPlugin)))
Sending msg to client activator-c679595f-f181-4cdb-9886-acd02aee7906: DetachedLogEvent(LogMessage(debug,  :: sorting:: found: List(sbt.plugins.CorePlugin, sbt.plugins.IvyPlugin, sbt.plugins.JvmPlugin, sbt.plugins.JUnitXmlReportPlugin) not found List()))
Sending msg to client activator-c679595f-f181-4cdb-9886-acd02aee7906: DetachedLogEvent(LogMessage(debug,  :: sorted deduced result: List(sbt.plugins.CorePlugin, sbt.plugins.IvyPlugin, sbt.plugins.JvmPlugin, sbt.plugins.JUnitXmlReportPlugin)))
